id: 1 Bought item Product ID: 11, name: ½L vand & kildevand excl. pant and price: 12 
Buoght by Name: Dorthea Smith, Email: dsmith@stregsystemet.dk, 
Balance: 241,5 
Transaction Time: 05-05-2017 04:55:51


id: 2 Bought item Product ID: 11, name: ½L vand & kildevand excl. pant and price: 12 
Buoght by Name: Dorthea Smith, Email: dsmith@stregsystemet.dk, 
Balance: 229,5 
Transaction Time: 05-05-2017 04:55:53


id: 3 Bought item Product ID: 11, name: ½L vand & kildevand excl. pant and price: 12 
Buoght by Name: Dorthea Smith, Email: dsmith@stregsystemet.dk, 
Balance: 217,5 
Transaction Time: 05-05-2017 04:55:54


id: 4 Added 500 credits to userName: Dorthea Smith, Email: dsmith@stregsystemet.dk, 
Balance: 717,5  
Transaction Time: 05-05-2017 04:56:59
id: 1 Added 500 credits to userName: Dorthea Smith, Email: dsmith@stregsystemet.dk, 
Balance: 753,5  
Transaction Time: 05-05-2017 05:50:03
id: 1 Added 500 credits to userName: Dorthea Smith, Email: dsmith@stregsystemet.dk, 
Balance: 753,5  
Transaction Time: 05-05-2017 05:52:15
id: 1 Bought item Product ID: 11, name: ½L vand & kildevand excl. pant and price: 12 
Buoght by Name: Dorthea Smith, Email: dsmith@stregsystemet.dk, 
Balance: 241,5 
Transaction Time: 05-05-2017 06:15:30


id: 2 Bought item Product ID: 11, name: ½L vand & kildevand excl. pant and price: 12 
Buoght by Name: Dorthea Smith, Email: dsmith@stregsystemet.dk, 
Balance: 229,5 
Transaction Time: 05-05-2017 06:15:31


id: 3 Bought item Product ID: 11, name: ½L vand & kildevand excl. pant and price: 12 
Buoght by Name: Dorthea Smith, Email: dsmith@stregsystemet.dk, 
Balance: 217,5 
Transaction Time: 05-05-2017 06:15:31


id: 4 Bought item Product ID: 11, name: ½L vand & kildevand excl. pant and price: 12 
Buoght by Name: Dorthea Smith, Email: dsmith@stregsystemet.dk, 
Balance: 205,5 
Transaction Time: 05-05-2017 06:15:31


id: 5 Bought item Product ID: 11, name: ½L vand & kildevand excl. pant and price: 12 
Buoght by Name: Dorthea Smith, Email: dsmith@stregsystemet.dk, 
Balance: 193,5 
Transaction Time: 05-05-2017 06:15:31


id: 6 Bought item Product ID: 11, name: ½L vand & kildevand excl. pant and price: 12 
Buoght by Name: Dorthea Smith, Email: dsmith@stregsystemet.dk, 
Balance: 181,5 
Transaction Time: 05-05-2017 06:15:31


id: 7 Bought item Product ID: 11, name: ½L vand & kildevand excl. pant and price: 12 
Buoght by Name: Dorthea Smith, Email: dsmith@stregsystemet.dk, 
Balance: 169,5 
Transaction Time: 05-05-2017 06:15:31


id: 8 Bought item Product ID: 11, name: ½L vand & kildevand excl. pant and price: 12 
Buoght by Name: Dorthea Smith, Email: dsmith@stregsystemet.dk, 
Balance: 157,5 
Transaction Time: 05-05-2017 06:15:32


id: 9 Bought item Product ID: 11, name: ½L vand & kildevand excl. pant and price: 12 
Buoght by Name: Dorthea Smith, Email: dsmith@stregsystemet.dk, 
Balance: 145,5 
Transaction Time: 05-05-2017 06:15:32


id: 10 Bought item Product ID: 11, name: ½L vand & kildevand excl. pant and price: 12 
Buoght by Name: Dorthea Smith, Email: dsmith@stregsystemet.dk, 
Balance: 133,5 
Transaction Time: 05-05-2017 06:15:32


id: 11 Bought item Product ID: 11, name: ½L vand & kildevand excl. pant and price: 12 
Buoght by Name: Dorthea Smith, Email: dsmith@stregsystemet.dk, 
Balance: 121,5 
Transaction Time: 05-05-2017 06:15:33


id: 12 Bought item Product ID: 11, name: ½L vand & kildevand excl. pant and price: 12 
Buoght by Name: Dorthea Smith, Email: dsmith@stregsystemet.dk, 
Balance: 109,5 
Transaction Time: 05-05-2017 06:15:33


id: 13 Bought item Product ID: 11, name: ½L vand & kildevand excl. pant and price: 12 
Buoght by Name: Dorthea Smith, Email: dsmith@stregsystemet.dk, 
Balance: 97,5 
Transaction Time: 05-05-2017 06:15:33


id: 14 Bought item Product ID: 11, name: ½L vand & kildevand excl. pant and price: 12 
Buoght by Name: Dorthea Smith, Email: dsmith@stregsystemet.dk, 
Balance: 85,5 
Transaction Time: 05-05-2017 06:15:33


id: 15 Bought item Product ID: 11, name: ½L vand & kildevand excl. pant and price: 12 
Buoght by Name: Dorthea Smith, Email: dsmith@stregsystemet.dk, 
Balance: 73,5 
Transaction Time: 05-05-2017 06:15:33


id: 16 Bought item Product ID: 11, name: ½L vand & kildevand excl. pant and price: 12 
Buoght by Name: Dorthea Smith, Email: dsmith@stregsystemet.dk, 
Balance: 61,5 
Transaction Time: 05-05-2017 06:15:33


id: 17 Bought item Product ID: 11, name: ½L vand & kildevand excl. pant and price: 12 
Buoght by Name: Dorthea Smith, Email: dsmith@stregsystemet.dk, 
Balance: 49,5 
Transaction Time: 05-05-2017 06:15:33


id: 18 Bought item Product ID: 11, name: ½L vand & kildevand excl. pant and price: 12 
Buoght by Name: Dorthea Smith, Email: dsmith@stregsystemet.dk, 
Balance: 37,5 
Transaction Time: 05-05-2017 06:15:34


id: 19 Bought item Product ID: 11, name: ½L vand & kildevand excl. pant and price: 12 
Buoght by Name: Dorthea Smith, Email: dsmith@stregsystemet.dk, 
Balance: 25,5 
Transaction Time: 05-05-2017 06:15:34


id: 20 Bought item Product ID: 11, name: ½L vand & kildevand excl. pant and price: 12 
Buoght by Name: Dorthea Smith, Email: dsmith@stregsystemet.dk, 
Balance: 13,5 
Transaction Time: 05-05-2017 06:15:35


id: 21 Bought item Product ID: 11, name: ½L vand & kildevand excl. pant and price: 12 
Buoght by Name: Dorthea Smith, Email: dsmith@stregsystemet.dk, 
Balance: 1,5 
Transaction Time: 05-05-2017 06:15:35


id: 24 Added 1000 credits to userName: Dorthea Smith, Email: dsmith@stregsystemet.dk, 
Balance: 1001,5  
Transaction Time: 05-05-2017 06:16:01
